<?xml version='1.1' encoding='UTF-8'?>
<result plugin="junit@1.29">
  <suites>
    <suite>
      <file>/var/jenkins_home/workspace/Python/python/results.xml</file>
      <name>pytest</name>
      <duration>0.041</duration>
      <timestamp>2020-07-15T16:18:03.857823</timestamp>
      <time>0.041</time>
      <enclosingBlocks/>
      <enclosingBlockNames/>
      <cases>
        <case>
          <duration>0.001</duration>
          <className>python.test_prueba1.Test</className>
          <testName>test_es_impar</testName>
          <skipped>false</skipped>
          <failedSince>0</failedSince>
        </case>
        <case>
          <duration>0.001</duration>
          <className>python.test_prueba1.Test</className>
          <testName>test_es_impar2</testName>
          <skipped>false</skipped>
          <failedSince>0</failedSince>
        </case>
        <case>
          <duration>0.001</duration>
          <className>python.test_prueba1.Test</className>
          <testName>test_mayuscular_1</testName>
          <skipped>false</skipped>
          <failedSince>0</failedSince>
        </case>
        <case>
          <duration>0.001</duration>
          <className>python.test_prueba1.Test</className>
          <testName>test_mayuscular_2</testName>
          <skipped>false</skipped>
          <failedSince>0</failedSince>
        </case>
        <case>
          <duration>0.001</duration>
          <className>python.test_prueba1.Test</className>
          <testName>test_no_es_impar</testName>
          <skipped>false</skipped>
          <failedSince>0</failedSince>
        </case>
        <case>
          <duration>0.0</duration>
          <className>python.test_prueba1.Test</className>
          <testName>test_numero_palabras_1</testName>
          <skipped>false</skipped>
          <failedSince>0</failedSince>
        </case>
        <case>
          <duration>0.001</duration>
          <className>python.test_prueba1.Test</className>
          <testName>test_numero_palabras_2</testName>
          <skipped>false</skipped>
          <failedSince>0</failedSince>
        </case>
        <case>
          <duration>0.001</duration>
          <className>python.test_prueba1.Test</className>
          <testName>test_numero_palabras_3</testName>
          <skipped>false</skipped>
          <failedSince>0</failedSince>
        </case>
      </cases>
    </suite>
  </suites>
  <duration>0.041</duration>
  <keepLongStdio>false</keepLongStdio>
</result>